2025-06-19 10:26:52,784 - event - INFO - Flask app initialized.
2025-06-19 10:26:53,508 - event - INFO - Flask app initialized.
2025-06-19 11:41:02,727 - event - INFO - Flask app initialized.
2025-06-19 11:42:54,292 - event - INFO - Flask app initialized.
2025-06-19 11:42:55,789 - event - INFO - Flask app initialized.
2025-06-19 11:43:23,029 - event - INFO - Flask app initialized.
2025-06-19 11:43:24,357 - event - INFO - Flask app initialized.
2025-06-19 11:44:08,898 - event - INFO - Flask app initialized.
2025-06-19 11:45:22,973 - event - INFO - Flask app initialized.
2025-06-19 11:45:24,232 - event - INFO - Flask app initialized.
2025-06-19 11:46:30,083 - event - INFO - Flask app initialized.
2025-06-19 11:46:37,129 - event - INFO - Flask app initialized.
2025-06-19 11:46:38,442 - event - INFO - Flask app initialized.
2025-06-19 11:55:28,188 - event - INFO - Flask app initialized.
2025-06-19 11:55:29,733 - event - INFO - Flask app initialized.
2025-06-19 11:56:13,398 - event - INFO - Flask app initialized.
2025-06-19 11:56:14,913 - event - INFO - Flask app initialized.
2025-06-19 12:02:34,103 - event - INFO - Flask app initialized.
2025-06-19 12:02:35,441 - event - INFO - Flask app initialized.
2025-06-19 12:02:42,179 - event - INFO - Resume upload request received
2025-06-19 12:02:42,185 - event - INFO - Resume uploaded successfully: readme.docx
2025-06-19 18:55:47,172 - event - INFO - Flask app initialized.
2025-06-19 18:55:47,935 - event - INFO - Flask app initialized.
2025-06-19 18:55:50,401 - event - INFO - Flask app initialized.
2025-06-19 18:55:51,164 - event - INFO - Flask app initialized.
2025-06-19 18:56:03,300 - event - INFO - Resume upload request received
2025-06-19 18:56:03,340 - event - INFO - Resume parsed successfully: readme.docx
2025-06-20 10:42:15,701 - event - INFO - Flask app initialized.
2025-06-20 10:42:16,462 - event - INFO - Flask app initialized.
2025-06-20 10:42:37,428 - event - INFO - Resume upload request received
2025-06-20 10:42:37,520 - event - INFO - Resume parsed successfully: content.docx
2025-06-20 10:44:36,406 - event - INFO - Flask app initialized.
2025-06-20 10:44:37,152 - event - INFO - Flask app initialized.
2025-06-20 10:45:32,664 - event - INFO - Flask app initialized.
2025-06-20 10:45:33,412 - event - INFO - Flask app initialized.
2025-06-20 10:54:33,461 - event - INFO - Flask app initialized.
2025-06-20 10:54:34,252 - event - INFO - Flask app initialized.
2025-06-20 10:55:14,904 - event - INFO - Flask app initialized.
